7.8207 	INFO 	Loaded monitor calibration from ['2024_08_06 21:36']
8.9162 	EXP 	Created window1 = Window(allowGUI=True, allowStencil=False, autoLog=True, backendConf=UNKNOWN, backgroundFit=<method-wrapper '__getattribute__' of attributeSetter object at 0x000002799CEABAC0>, backgroundImage=<method-wrapper '__getattribute__' of attributeSetter object at 0x000002799CEABA30>, bitsMode=UNKNOWN, blendMode='avg', bpc=(8, 8, 8), color=array([0, 0, 0]), colorSpace='rgb', depthBits=8, fullscr=<method-wrapper '__getattribute__' of attributeSetter object at 0x000002799CEAB880>, gamma=None, gammaErrorPolicy='raise', infoMsg=UNKNOWN, lms=UNKNOWN, monitor=<psychopy.monitors.calibTools.Monitor object at 0x000002799E307A60>, multiSample=False, name='window1', numSamples=2, pos=[368.0, 132.0], screen=0, size=array([800, 600]), stencilBits=0, stereo=False, title='PsychoPy', units='height', useFBO=True, useRetina=False, viewOri=0.0, viewPos=None, viewScale=None, waitBlanking=True, winType='pyglet')
8.9163 	EXP 	window1: backgroundImage = ''
8.9163 	EXP 	window1: backgroundFit = 'none'
8.9166 	EXP 	window1: mouseVisible = <method-wrapper '__getattribute__' of attributeSetter object at 0x000002799CEABBE0>
8.9169 	EXP 	window1: mouseVisible = <method-wrapper '__getattribute__' of attributeSetter object at 0x000002799CEABBE0>
8.9195 	EXP 	window1: mouseVisible = <method-wrapper '__getattribute__' of attributeSetter object at 0x000002799CEABBE0>
8.9203 	EXP 	window1: mouseVisible = <method-wrapper '__getattribute__' of attributeSetter object at 0x000002799CEABBE0>
8.9365 	DEBUG 	TextBox2 loaded 1 chars with 0 blanks and 1 valid
8.9386 	DEBUG 	TextBox2 loaded 1 chars with 0 blanks and 1 valid
8.9406 	DEBUG 	TextBox2 loaded 1 chars with 0 blanks and 1 valid
8.9427 	DEBUG 	TextBox2 loaded 1 chars with 0 blanks and 1 valid
8.9448 	DEBUG 	TextBox2 loaded 1 chars with 0 blanks and 1 valid
8.9463 	DEBUG 	TextBox2 loaded 1 chars with 0 blanks and 1 valid
8.9481 	DEBUG 	TextBox2 loaded 1 chars with 0 blanks and 1 valid
8.9503 	DEBUG 	TextBox2 loaded 1 chars with 0 blanks and 1 valid
8.9516 	DEBUG 	TextBox2 loaded 1 chars with 0 blanks and 1 valid
8.9530 	DEBUG 	TextBox2 loaded 1 chars with 0 blanks and 1 valid
8.9550 	DEBUG 	TextBox2 loaded 1 chars with 0 blanks and 1 valid
8.9570 	DEBUG 	TextBox2 loaded 1 chars with 0 blanks and 1 valid
8.9588 	DEBUG 	TextBox2 loaded 1 chars with 0 blanks and 1 valid
8.9606 	DEBUG 	TextBox2 loaded 1 chars with 0 blanks and 1 valid
8.9624 	DEBUG 	TextBox2 loaded 1 chars with 0 blanks and 1 valid
8.9643 	DEBUG 	TextBox2 loaded 1 chars with 0 blanks and 1 valid
8.9662 	DEBUG 	TextBox2 loaded 1 chars with 0 blanks and 1 valid
8.9677 	DEBUG 	TextBox2 loaded 1 chars with 0 blanks and 1 valid
8.9694 	DEBUG 	TextBox2 loaded 1 chars with 0 blanks and 1 valid
8.9718 	DEBUG 	TextBox2 loaded 1 chars with 0 blanks and 1 valid
8.9734 	DEBUG 	TextBox2 loaded 1 chars with 0 blanks and 1 valid
8.9737 	DEBUG 	Uploading Texture Font fontname to graphics card
8.9802 	DEBUG 	Upload of Texture Font fontname complete
8.9820 	EXP 	window1: mouseVisible = <method-wrapper '__getattribute__' of attributeSetter object at 0x000002799CEABBE0>
8.9821 	EXP 	window1: mouseVisible = <method-wrapper '__getattribute__' of attributeSetter object at 0x000002799CEABBE0>
8.9829 	EXP 	window1: mouseVisible = <method-wrapper '__getattribute__' of attributeSetter object at 0x000002799CEABBE0>
8.9836 	EXP 	window1: mouseVisible = <method-wrapper '__getattribute__' of attributeSetter object at 0x000002799CEABBE0>
8.9983 	DEBUG 	TextBox2 loaded 1 chars with 0 blanks and 1 valid
9.0004 	DEBUG 	TextBox2 loaded 1 chars with 0 blanks and 1 valid
9.0026 	DEBUG 	TextBox2 loaded 1 chars with 0 blanks and 1 valid
9.0029 	DEBUG 	Uploading Texture Font fontname to graphics card
9.0096 	DEBUG 	Upload of Texture Font fontname complete
9.0121 	EXP 	window1: Attempting to measure frame rate of screen (0) ...
9.0121 	EXP 	window1: recordFrameIntervals = False
9.2407 	EXP 	window1: recordFrameIntervals = True
9.3907 	WARNING 	t of last frame was 29.60ms (=1/33)
9.4410 	WARNING 	t of last frame was 30.47ms (=1/32)
9.5071 	WARNING 	t of last frame was 29.78ms (=1/33)
9.5272 	WARNING 	t of last frame was 20.09ms (=1/49)
9.5738 	WARNING 	Multiple dropped frames have occurred - I'll stop bothering you about them!
10.1936 	EXP 	Screen (0) actual frame rate measured at 59.49Hz
10.1937 	EXP 	window1: recordFrameIntervals = False
10.1939 	EXP 	window1: mouseVisible = True
10.1952 	EXP 	window1: mouseVisible = True
10.1958 	EXP 	window1: mouseVisible = True
10.1990 	EXP 	window1: mouseVisible = True
10.2019 	EXP 	window1: mouseVisible = True
10.2605 	DEBUG 	TextBox2 loaded 1 chars with 0 blanks and 1 valid
10.2640 	DEBUG 	TextBox2 loaded 1 chars with 0 blanks and 1 valid
10.2686 	DEBUG 	TextBox2 loaded 1 chars with 0 blanks and 1 valid
10.2740 	DEBUG 	TextBox2 loaded 1 chars with 0 blanks and 1 valid
10.2789 	DEBUG 	TextBox2 loaded 1 chars with 0 blanks and 1 valid
10.2838 	DEBUG 	TextBox2 loaded 1 chars with 0 blanks and 1 valid
10.2871 	DEBUG 	TextBox2 loaded 1 chars with 0 blanks and 1 valid
10.2898 	DEBUG 	TextBox2 loaded 1 chars with 0 blanks and 1 valid
10.2925 	DEBUG 	TextBox2 loaded 1 chars with 0 blanks and 1 valid
10.2948 	DEBUG 	TextBox2 loaded 1 chars with 0 blanks and 1 valid
10.2952 	DEBUG 	Uploading Texture Font fontname to graphics card
10.2960 	DEBUG 	Upload of Texture Font fontname complete
10.2981 	EXP 	window1: mouseVisible = True
10.2983 	EXP 	window1: mouseVisible = True
10.2990 	EXP 	window1: mouseVisible = True
10.2997 	EXP 	window1: mouseVisible = True
10.3735 	WARNING 	launchHubServer: If using the iohub mouse or eyetracker devices, fullScr should be True.
14.2690 	INFO 	keyboard.Keyboard is using iohub backend.
14.2693 	INFO 	keyboard.Keyboard is using iohub backend.
14.2693 	EXP 	adaptive_staircase: status = STARTED
14.2697 	EXP 	window1: mouseVisible = True
14.2755 	EXP 	Created fixation = ShapeStim(__class__=<class 'psychopy.visual.shape.ShapeStim'>, anchor=('center', 'center'), autoDraw=False, autoLog=True, closeShape=True, color=method-wrapper(...), colorSpace='rgb', contrast=None, depth=-1.0, draggable=False, fillColor=array([1, 1, 1]), fillColorSpace='rgb', fillRGB=array([1, 1, 1]), interpolate=True, lineColor=array([1., 1., 1.]), lineColorSpace='rgb', lineRGB=array([1, 1, 1]), lineWidth=1.0, name='fixation', opacity=1.0, ori=0.0, pos=array([0., 0.]), size=array([0.1, 0.1]), units='height', vertices=ndarray(...), win=Window(...), windingRule=None)
14.2757 	EXP 	window1: mouseVisible = True
14.2829 	EXP 	Created grating = GratingStim(__class__=<class 'psychopy.visual.grating.GratingStim'>, anchor='center', autoDraw=False, autoLog=True, blendmode='avg', color=array([0.5, 0.5, 0.5]), colorSpace='rgb', contrast=0.5, depth=-2.0, draggable=False, interpolate=True, mask='gauss', maskParams=None, name='grating', opacity=1.0, ori=1.0, phase=array([0., 0.]), pos=array([0., 0.]), rgbPedestal=array([0., 0., 0.]), sf=array([8., 8.]), size=array([0.3, 0.3]), tex='sin', texRes=128.0, units='height', win=Window(...))
0.0022 	DATA 	Keypress: left
0.0027 	DATA 	Keypress: space
0.0237 	WARNING 	Increasing number of minimum required reversals to the number of step sizes, (4).
0.1157 	EXP 	grating: ori = 10.0
0.1157 	EXP 	fixation: autoDraw = True
0.6228 	INFO 	Keyboard events cleared
0.6221 	EXP 	grating: autoDraw = True
0.6221 	EXP 	grating: tex = 'sin'
0.6498 	EXP 	fixation: autoDraw = False
0.9490 	EXP 	grating: autoDraw = False
1.7209 	DATA 	Keypress: insert
4.7180 	DATA 	Keypress: right
4.7282 	EXP 	fixation: autoDraw = False
4.7282 	EXP 	grating: autoDraw = False
4.7282 	EXP 	grating: ori = 8.0
4.7282 	EXP 	fixation: autoDraw = True
5.2608 	INFO 	Keyboard events cleared
5.2597 	EXP 	fixation: autoDraw = False
5.2597 	EXP 	grating: autoDraw = True
5.5920 	EXP 	grating: autoDraw = False
6.0161 	DATA 	Keypress: right
6.0248 	EXP 	fixation: autoDraw = False
6.0248 	EXP 	grating: autoDraw = False
6.0248 	EXP 	grating: ori = -6.0
6.0248 	EXP 	fixation: autoDraw = True
6.5584 	INFO 	Keyboard events cleared
6.5573 	EXP 	fixation: autoDraw = False
6.5573 	EXP 	grating: autoDraw = True
6.8903 	EXP 	grating: autoDraw = False
7.2454 	DATA 	Keypress: left
7.2564 	EXP 	fixation: autoDraw = False
7.2564 	EXP 	grating: autoDraw = False
7.2564 	EXP 	grating: ori = -4.0
7.2564 	EXP 	fixation: autoDraw = True
7.7564 	INFO 	Keyboard events cleared
7.7553 	EXP 	grating: autoDraw = True
7.7888 	EXP 	fixation: autoDraw = False
8.0880 	EXP 	grating: autoDraw = False
8.5451 	DATA 	Keypress: left
8.5556 	EXP 	fixation: autoDraw = False
8.5556 	EXP 	grating: autoDraw = False
8.5556 	EXP 	grating: ori = 2.0
8.5556 	EXP 	fixation: autoDraw = True
9.0709 	INFO 	Keyboard events cleared
9.0698 	EXP 	grating: autoDraw = True
9.1042 	EXP 	fixation: autoDraw = False
9.4025 	EXP 	grating: autoDraw = False
9.9586 	DATA 	Keypress: right
9.9682 	EXP 	fixation: autoDraw = False
9.9682 	EXP 	grating: autoDraw = False
9.9682 	EXP 	grating: ori = 1.0
9.9682 	EXP 	fixation: autoDraw = True
10.4690 	INFO 	Keyboard events cleared
10.4678 	EXP 	grating: autoDraw = True
10.5010 	EXP 	fixation: autoDraw = False
10.8004 	EXP 	grating: autoDraw = False
11.1901 	DATA 	Keypress: right
11.2003 	EXP 	fixation: autoDraw = False
11.2003 	EXP 	grating: autoDraw = False
11.2003 	EXP 	grating: ori = 1.0
11.2003 	EXP 	fixation: autoDraw = True
11.7003 	INFO 	Keyboard events cleared
11.6991 	EXP 	grating: autoDraw = True
11.7325 	EXP 	fixation: autoDraw = False
11.9984 	EXP 	grating: autoDraw = False
12.5551 	DATA 	Keypress: right
12.5641 	EXP 	fixation: autoDraw = False
12.5641 	EXP 	grating: autoDraw = False
12.5641 	EXP 	grating: ori = -1.0
12.5641 	EXP 	fixation: autoDraw = True
13.0979 	INFO 	Keyboard events cleared
13.0967 	EXP 	fixation: autoDraw = False
13.0967 	EXP 	grating: autoDraw = True
13.4295 	EXP 	grating: autoDraw = False
13.8176 	DATA 	Keypress: right
13.8287 	EXP 	fixation: autoDraw = False
13.8287 	EXP 	grating: autoDraw = False
13.8287 	EXP 	grating: ori = 2.0
13.8287 	EXP 	fixation: autoDraw = True
14.3466 	INFO 	Keyboard events cleared
14.3455 	EXP 	fixation: autoDraw = False
14.3455 	EXP 	grating: autoDraw = True
14.6782 	EXP 	grating: autoDraw = False
15.0673 	DATA 	Keypress: right
15.0767 	EXP 	fixation: autoDraw = False
15.0767 	EXP 	grating: autoDraw = False
15.0767 	EXP 	grating: ori = 2.0
15.0767 	EXP 	fixation: autoDraw = True
15.5760 	INFO 	Keyboard events cleared
15.5753 	EXP 	grating: autoDraw = True
15.5940 	EXP 	fixation: autoDraw = False
15.8922 	EXP 	grating: autoDraw = False
16.6483 	DATA 	Keypress: right
16.6577 	EXP 	fixation: autoDraw = False
16.6577 	EXP 	grating: autoDraw = False
16.6577 	EXP 	grating: ori = 2.0
16.6577 	EXP 	fixation: autoDraw = True
17.1582 	INFO 	Keyboard events cleared
17.1569 	EXP 	grating: autoDraw = True
17.1902 	EXP 	fixation: autoDraw = False
17.4895 	EXP 	grating: autoDraw = False
18.1439 	DATA 	Keypress: right
18.1555 	EXP 	fixation: autoDraw = False
18.1555 	EXP 	grating: autoDraw = False
18.1555 	EXP 	grating: ori = -1.0
18.1555 	EXP 	fixation: autoDraw = True
18.6564 	INFO 	Keyboard events cleared
18.6553 	EXP 	grating: autoDraw = True
18.6883 	EXP 	fixation: autoDraw = False
18.9709 	EXP 	grating: autoDraw = False
19.5596 	DATA 	Keypress: left
19.5708 	EXP 	fixation: autoDraw = False
19.5708 	EXP 	grating: autoDraw = False
19.5708 	EXP 	grating: ori = 1.0
19.5708 	EXP 	fixation: autoDraw = True
20.0706 	INFO 	Keyboard events cleared
20.0694 	EXP 	grating: autoDraw = True
20.1022 	EXP 	fixation: autoDraw = False
20.4016 	EXP 	grating: autoDraw = False
20.7597 	DATA 	Keypress: right
20.7678 	EXP 	fixation: autoDraw = False
20.7678 	EXP 	grating: autoDraw = False
20.7678 	EXP 	grating: ori = -1.0
20.7678 	EXP 	fixation: autoDraw = True
21.3014 	INFO 	Keyboard events cleared
21.3003 	EXP 	fixation: autoDraw = False
21.3003 	EXP 	grating: autoDraw = True
21.6008 	EXP 	grating: autoDraw = False
22.4048 	DATA 	Keypress: left
22.4151 	EXP 	fixation: autoDraw = False
22.4151 	EXP 	grating: autoDraw = False
22.4151 	EXP 	grating: ori = -1.0
22.4151 	EXP 	fixation: autoDraw = True
22.9168 	INFO 	Keyboard events cleared
22.9157 	EXP 	grating: autoDraw = True
22.9479 	EXP 	fixation: autoDraw = False
23.2472 	EXP 	grating: autoDraw = False
23.7367 	DATA 	Keypress: right
23.7468 	EXP 	fixation: autoDraw = False
23.7468 	EXP 	grating: autoDraw = False
23.7468 	EXP 	grating: ori = 1.5
23.7468 	EXP 	fixation: autoDraw = True
24.2467 	INFO 	Keyboard events cleared
24.2456 	EXP 	grating: autoDraw = True
24.2788 	EXP 	fixation: autoDraw = False
24.5783 	EXP 	grating: autoDraw = False
25.3661 	DATA 	Keypress: right
25.3770 	EXP 	fixation: autoDraw = False
25.3770 	EXP 	grating: autoDraw = False
25.3770 	EXP 	grating: ori = 1.5
25.3770 	EXP 	fixation: autoDraw = True
25.8779 	INFO 	Keyboard events cleared
25.8768 	EXP 	grating: autoDraw = True
25.9094 	EXP 	fixation: autoDraw = False
26.2091 	EXP 	grating: autoDraw = False
26.6974 	DATA 	Keypress: right
26.7083 	EXP 	fixation: autoDraw = False
26.7083 	EXP 	grating: autoDraw = False
26.7083 	EXP 	grating: ori = 1.5
26.7083 	EXP 	fixation: autoDraw = True
27.2087 	INFO 	Keyboard events cleared
27.2076 	EXP 	grating: autoDraw = True
27.2407 	EXP 	fixation: autoDraw = False
27.5402 	EXP 	grating: autoDraw = False
28.3292 	DATA 	Keypress: right
28.3389 	EXP 	fixation: autoDraw = False
28.3389 	EXP 	grating: autoDraw = False
28.3389 	EXP 	grating: ori = 1.0
28.3389 	EXP 	fixation: autoDraw = True
28.8394 	INFO 	Keyboard events cleared
28.8383 	EXP 	grating: autoDraw = True
28.8715 	EXP 	fixation: autoDraw = False
29.1712 	EXP 	grating: autoDraw = False
29.6272 	DATA 	Keypress: right
29.6370 	EXP 	fixation: autoDraw = False
29.6370 	EXP 	grating: autoDraw = False
29.6370 	EXP 	grating: ori = 1.0
29.6370 	EXP 	fixation: autoDraw = True
30.1372 	INFO 	Keyboard events cleared
30.1361 	EXP 	grating: autoDraw = True
30.1695 	EXP 	fixation: autoDraw = False
30.4690 	EXP 	grating: autoDraw = False
30.9929 	DATA 	Keypress: right
31.0013 	EXP 	fixation: autoDraw = False
31.0013 	EXP 	grating: autoDraw = False
31.0013 	EXP 	grating: ori = 1.0
31.0013 	EXP 	fixation: autoDraw = True
31.5353 	INFO 	Keyboard events cleared
31.5342 	EXP 	fixation: autoDraw = False
31.5342 	EXP 	grating: autoDraw = True
31.8665 	EXP 	grating: autoDraw = False
32.5873 	DATA 	Keypress: right
32.5988 	EXP 	fixation: autoDraw = False
32.5988 	EXP 	grating: autoDraw = False
32.5988 	EXP 	grating: ori = 1.0
32.5988 	EXP 	fixation: autoDraw = True
33.0996 	INFO 	Keyboard events cleared
33.0983 	EXP 	grating: autoDraw = True
33.1311 	EXP 	fixation: autoDraw = False
33.4312 	EXP 	grating: autoDraw = False
34.1856 	DATA 	Keypress: right
34.1961 	EXP 	fixation: autoDraw = False
34.1961 	EXP 	grating: autoDraw = False
34.1961 	EXP 	grating: ori = 1.0
34.1961 	EXP 	fixation: autoDraw = True
34.6968 	INFO 	Keyboard events cleared
34.6956 	EXP 	grating: autoDraw = True
34.7287 	EXP 	fixation: autoDraw = False
35.0282 	EXP 	grating: autoDraw = False
35.5738 	DATA 	Keypress: left
35.5950 	EXP 	fixation: autoDraw = False
35.5950 	EXP 	grating: autoDraw = False
35.5950 	EXP 	grating: ori = -1.5
35.5950 	EXP 	fixation: autoDraw = True
36.0944 	INFO 	Keyboard events cleared
36.0933 	EXP 	grating: autoDraw = True
36.1264 	EXP 	fixation: autoDraw = False
36.4260 	EXP 	grating: autoDraw = False
36.9833 	DATA 	Keypress: left
36.9930 	EXP 	fixation: autoDraw = False
36.9930 	EXP 	grating: autoDraw = False
36.9930 	EXP 	grating: ori = -1.5
36.9930 	EXP 	fixation: autoDraw = True
37.4928 	INFO 	Keyboard events cleared
37.4917 	EXP 	grating: autoDraw = True
37.5244 	EXP 	fixation: autoDraw = False
37.8242 	EXP 	grating: autoDraw = False
38.4150 	DATA 	Keypress: left
38.4228 	EXP 	fixation: autoDraw = False
38.4228 	EXP 	grating: autoDraw = False
38.4228 	EXP 	grating: ori = 1.5
38.4228 	EXP 	fixation: autoDraw = True
38.9240 	INFO 	Keyboard events cleared
38.9233 	EXP 	grating: autoDraw = True
38.9544 	EXP 	fixation: autoDraw = False
39.2714 	EXP 	grating: autoDraw = False
39.7285 	DATA 	Keypress: right
39.7376 	EXP 	fixation: autoDraw = False
39.7376 	EXP 	grating: autoDraw = False
39.7376 	EXP 	grating: ori = -1.0
39.7376 	EXP 	fixation: autoDraw = True
40.2377 	INFO 	Keyboard events cleared
40.2366 	EXP 	grating: autoDraw = True
40.2701 	EXP 	fixation: autoDraw = False
40.5694 	EXP 	grating: autoDraw = False
41.1593 	DATA 	Keypress: right
41.1683 	EXP 	fixation: autoDraw = False
41.1683 	EXP 	grating: autoDraw = False
41.1683 	EXP 	grating: ori = -1.5
41.1683 	EXP 	fixation: autoDraw = True
41.6697 	INFO 	Keyboard events cleared
41.6685 	EXP 	grating: autoDraw = True
41.7008 	EXP 	fixation: autoDraw = False
42.0005 	EXP 	grating: autoDraw = False
42.6235 	DATA 	Keypress: right
42.6327 	EXP 	fixation: autoDraw = False
42.6327 	EXP 	grating: autoDraw = False
42.6327 	EXP 	grating: ori = -2.0
42.6327 	EXP 	fixation: autoDraw = True
43.1330 	INFO 	Keyboard events cleared
43.1319 	EXP 	grating: autoDraw = True
43.1653 	EXP 	fixation: autoDraw = False
43.4650 	EXP 	grating: autoDraw = False
44.0544 	DATA 	Keypress: right
44.0640 	EXP 	fixation: autoDraw = False
44.0640 	EXP 	grating: autoDraw = False
44.0640 	EXP 	grating: ori = 2.5
44.0640 	EXP 	fixation: autoDraw = True
44.5642 	INFO 	Keyboard events cleared
44.5631 	EXP 	grating: autoDraw = True
44.5969 	EXP 	fixation: autoDraw = False
44.8957 	EXP 	grating: autoDraw = False
45.3502 	DATA 	Keypress: right
45.3617 	EXP 	fixation: autoDraw = False
45.3617 	EXP 	grating: autoDraw = False
45.3617 	EXP 	grating: ori = 2.5
45.3617 	EXP 	fixation: autoDraw = True
45.8621 	INFO 	Keyboard events cleared
45.8610 	EXP 	grating: autoDraw = True
45.8942 	EXP 	fixation: autoDraw = False
46.1938 	EXP 	grating: autoDraw = False
46.7517 	DATA 	Keypress: right
46.7597 	EXP 	fixation: autoDraw = False
46.7597 	EXP 	grating: autoDraw = False
46.7597 	EXP 	grating: ori = -2.5
46.7597 	EXP 	fixation: autoDraw = True
47.2938 	INFO 	Keyboard events cleared
47.2927 	EXP 	fixation: autoDraw = False
47.2927 	EXP 	grating: autoDraw = True
47.6247 	EXP 	grating: autoDraw = False
48.2094 	DATA 	Keypress: left
48.2571 	EXP 	fixation: autoDraw = False
48.2571 	EXP 	grating: autoDraw = False
48.2571 	EXP 	grating: ori = -2.0
48.2571 	EXP 	fixation: autoDraw = True
48.7753 	INFO 	Keyboard events cleared
48.7745 	EXP 	fixation: autoDraw = False
48.7745 	EXP 	grating: autoDraw = True
49.0734 	EXP 	grating: autoDraw = False
50.7264 	DATA 	Keypress: left
50.7367 	EXP 	fixation: autoDraw = False
50.7367 	EXP 	grating: autoDraw = False
50.7367 	EXP 	grating: ori = 2.0
50.7367 	EXP 	fixation: autoDraw = True
51.2370 	INFO 	Keyboard events cleared
51.2358 	EXP 	grating: autoDraw = True
51.2691 	EXP 	fixation: autoDraw = False
51.5688 	EXP 	grating: autoDraw = False
52.1914 	DATA 	Keypress: right
52.2017 	EXP 	fixation: autoDraw = False
52.2017 	EXP 	grating: autoDraw = False
52.2017 	EXP 	grating: ori = 2.0
52.2017 	EXP 	fixation: autoDraw = True
52.7343 	INFO 	Keyboard events cleared
52.7332 	EXP 	fixation: autoDraw = False
52.7332 	EXP 	grating: autoDraw = True
53.0663 	EXP 	grating: autoDraw = False
53.5908 	DATA 	Keypress: right
53.5985 	EXP 	fixation: autoDraw = False
53.5985 	EXP 	grating: autoDraw = False
53.5985 	EXP 	grating: ori = 1.5
53.5985 	EXP 	fixation: autoDraw = True
54.0989 	INFO 	Keyboard events cleared
54.0978 	EXP 	grating: autoDraw = True
54.1309 	EXP 	fixation: autoDraw = False
54.4305 	EXP 	grating: autoDraw = False
55.0175 	DATA 	Keypress: right
55.0296 	EXP 	fixation: autoDraw = False
55.0296 	EXP 	grating: autoDraw = False
55.0296 	EXP 	grating: ori = 1.5
55.0296 	EXP 	fixation: autoDraw = True
55.5325 	INFO 	Keyboard events cleared
55.5314 	EXP 	grating: autoDraw = True
55.5622 	EXP 	fixation: autoDraw = False
55.8614 	EXP 	grating: autoDraw = False
56.6180 	DATA 	Keypress: right
56.6271 	EXP 	fixation: autoDraw = False
56.6271 	EXP 	grating: autoDraw = False
56.6271 	EXP 	grating: ori = -1.5
56.6271 	EXP 	fixation: autoDraw = True
57.1275 	INFO 	Keyboard events cleared
57.1264 	EXP 	grating: autoDraw = True
57.1595 	EXP 	fixation: autoDraw = False
57.4588 	EXP 	grating: autoDraw = False
57.9847 	DATA 	Keypress: left
57.9911 	EXP 	fixation: autoDraw = False
57.9911 	EXP 	grating: autoDraw = False
57.9911 	EXP 	grating: ori = 1.0
57.9911 	EXP 	fixation: autoDraw = True
58.4921 	INFO 	Keyboard events cleared
58.4910 	EXP 	grating: autoDraw = True
58.5242 	EXP 	fixation: autoDraw = False
58.8235 	EXP 	grating: autoDraw = False
59.4462 	DATA 	Keypress: right
59.4557 	EXP 	fixation: autoDraw = False
59.4557 	EXP 	grating: autoDraw = False
59.4557 	EXP 	grating: ori = -1.0
59.4557 	EXP 	fixation: autoDraw = True
59.9568 	INFO 	Keyboard events cleared
59.9551 	EXP 	grating: autoDraw = True
59.9883 	EXP 	fixation: autoDraw = False
60.2881 	EXP 	grating: autoDraw = False
60.8761 	DATA 	Keypress: left
60.8868 	EXP 	fixation: autoDraw = False
60.8868 	EXP 	grating: autoDraw = False
60.8868 	EXP 	grating: ori = 1.0
60.8868 	EXP 	fixation: autoDraw = True
61.3876 	INFO 	Keyboard events cleared
61.3865 	EXP 	grating: autoDraw = True
61.4197 	EXP 	fixation: autoDraw = False
61.7187 	EXP 	grating: autoDraw = False
62.1118 	DATA 	Keypress: left
62.1181 	EXP 	fixation: autoDraw = False
62.1181 	EXP 	grating: autoDraw = False
62.1181 	EXP 	grating: ori = -1.5
62.1181 	EXP 	fixation: autoDraw = True
62.6525 	INFO 	Keyboard events cleared
62.6510 	EXP 	fixation: autoDraw = False
62.6510 	EXP 	grating: autoDraw = True
62.9832 	EXP 	grating: autoDraw = False
63.2406 	DATA 	Keypress: left
63.2497 	EXP 	fixation: autoDraw = False
63.2497 	EXP 	grating: autoDraw = False
63.2497 	EXP 	grating: ori = -1.5
63.2497 	EXP 	fixation: autoDraw = True
63.7509 	INFO 	Keyboard events cleared
63.7498 	EXP 	grating: autoDraw = True
63.7822 	EXP 	fixation: autoDraw = False
64.0816 	EXP 	grating: autoDraw = False
64.4702 	DATA 	Keypress: left
64.4810 	EXP 	fixation: autoDraw = False
64.4810 	EXP 	grating: autoDraw = False
64.4810 	EXP 	grating: ori = -1.5
64.4810 	EXP 	fixation: autoDraw = True
64.9817 	INFO 	Keyboard events cleared
64.9803 	EXP 	grating: autoDraw = True
65.0136 	EXP 	fixation: autoDraw = False
65.3137 	EXP 	grating: autoDraw = False
65.6675 	DATA 	Keypress: right
65.6790 	EXP 	fixation: autoDraw = False
65.6790 	EXP 	grating: autoDraw = False
65.6790 	EXP 	grating: ori = 2.0
65.6790 	EXP 	fixation: autoDraw = True
66.1793 	INFO 	Keyboard events cleared
66.1783 	EXP 	grating: autoDraw = True
66.2118 	EXP 	fixation: autoDraw = False
66.5112 	EXP 	grating: autoDraw = False
66.9348 	DATA 	Keypress: right
66.9438 	EXP 	fixation: autoDraw = False
66.9438 	EXP 	grating: autoDraw = False
66.9438 	EXP 	grating: ori = 2.0
66.9438 	EXP 	fixation: autoDraw = True
67.4441 	INFO 	Keyboard events cleared
67.4429 	EXP 	grating: autoDraw = True
67.4767 	EXP 	fixation: autoDraw = False
67.7757 	EXP 	grating: autoDraw = False
68.2992 	DATA 	Keypress: left
68.3088 	EXP 	fixation: autoDraw = False
68.3088 	EXP 	grating: autoDraw = False
68.3088 	EXP 	grating: ori = 2.5
68.3088 	EXP 	fixation: autoDraw = True
68.8419 	INFO 	Keyboard events cleared
68.8408 	EXP 	fixation: autoDraw = False
68.8408 	EXP 	grating: autoDraw = True
69.1737 	EXP 	grating: autoDraw = False
69.4984 	DATA 	Keypress: right
69.5062 	EXP 	fixation: autoDraw = False
69.5062 	EXP 	grating: autoDraw = False
69.5062 	EXP 	grating: ori = 2.5
69.5062 	EXP 	fixation: autoDraw = True
70.0402 	INFO 	Keyboard events cleared
70.0392 	EXP 	fixation: autoDraw = False
70.0392 	EXP 	grating: autoDraw = True
70.3717 	EXP 	grating: autoDraw = False
70.6952 	DATA 	Keypress: right
70.7043 	EXP 	fixation: autoDraw = False
70.7043 	EXP 	grating: autoDraw = False
70.7043 	EXP 	grating: ori = 2.5
70.7043 	EXP 	fixation: autoDraw = True
71.2048 	INFO 	Keyboard events cleared
71.2037 	EXP 	grating: autoDraw = True
71.2373 	EXP 	fixation: autoDraw = False
71.5363 	EXP 	grating: autoDraw = False
72.2917 	DATA 	Keypress: right
72.3017 	EXP 	fixation: autoDraw = False
72.3017 	EXP 	grating: autoDraw = False
72.3017 	EXP 	grating: ori = 2.0
72.3017 	EXP 	fixation: autoDraw = True
72.8021 	INFO 	Keyboard events cleared
72.8010 	EXP 	grating: autoDraw = True
72.8346 	EXP 	fixation: autoDraw = False
73.1339 	EXP 	grating: autoDraw = False
73.5590 	DATA 	Keypress: right
73.5665 	EXP 	fixation: autoDraw = False
73.5665 	EXP 	grating: autoDraw = False
73.5665 	EXP 	grating: ori = -2.0
73.5665 	EXP 	fixation: autoDraw = True
74.1004 	INFO 	Keyboard events cleared
74.0991 	EXP 	fixation: autoDraw = False
74.0991 	EXP 	grating: autoDraw = True
74.4320 	EXP 	grating: autoDraw = False
74.7904 	DATA 	Keypress: left
74.7976 	EXP 	fixation: autoDraw = False
74.7976 	EXP 	grating: autoDraw = False
74.7976 	EXP 	grating: ori = -2.0
74.7976 	EXP 	fixation: autoDraw = True
75.3329 	INFO 	Keyboard events cleared
75.3314 	EXP 	fixation: autoDraw = False
75.3314 	EXP 	grating: autoDraw = True
75.6630 	EXP 	grating: autoDraw = False
76.0865 	DATA 	Keypress: right
76.0956 	EXP 	fixation: autoDraw = False
76.0956 	EXP 	grating: autoDraw = False
76.0956 	EXP 	grating: ori = 2.5
76.0956 	EXP 	fixation: autoDraw = True
76.6303 	INFO 	Keyboard events cleared
76.6292 	EXP 	fixation: autoDraw = False
76.6292 	EXP 	grating: autoDraw = True
76.9620 	EXP 	grating: autoDraw = False
77.2505 	DATA 	Keypress: right
77.2604 	EXP 	fixation: autoDraw = False
77.2604 	EXP 	grating: autoDraw = False
77.2604 	EXP 	grating: ori = -2.5
77.2604 	EXP 	fixation: autoDraw = True
77.7608 	INFO 	Keyboard events cleared
77.7597 	EXP 	grating: autoDraw = True
77.7930 	EXP 	fixation: autoDraw = False
78.0928 	EXP 	grating: autoDraw = False
78.3160 	DATA 	Keypress: left
78.3256 	EXP 	fixation: autoDraw = False
78.3256 	EXP 	grating: autoDraw = False
78.3256 	EXP 	grating: ori = 2.5
78.3256 	EXP 	fixation: autoDraw = True
78.8425 	INFO 	Keyboard events cleared
78.8414 	EXP 	fixation: autoDraw = False
78.8414 	EXP 	grating: autoDraw = True
79.1744 	EXP 	grating: autoDraw = False
79.4637 	DATA 	Keypress: right
79.4737 	EXP 	fixation: autoDraw = False
79.4737 	EXP 	grating: autoDraw = False
79.4737 	EXP 	grating: ori = -2.0
79.4737 	EXP 	fixation: autoDraw = True
79.9743 	INFO 	Keyboard events cleared
79.9731 	EXP 	grating: autoDraw = True
80.0067 	EXP 	fixation: autoDraw = False
80.3056 	EXP 	grating: autoDraw = False
80.8287 	DATA 	Keypress: left
80.8381 	EXP 	fixation: autoDraw = False
80.8381 	EXP 	grating: autoDraw = False
80.8381 	EXP 	grating: ori = 2.0
80.8381 	EXP 	fixation: autoDraw = True
81.3385 	INFO 	Keyboard events cleared
81.3375 	EXP 	grating: autoDraw = True
81.3716 	EXP 	fixation: autoDraw = False
81.6701 	EXP 	grating: autoDraw = False
82.1923 	DATA 	Keypress: right
82.2027 	EXP 	fixation: autoDraw = False
82.2027 	EXP 	grating: autoDraw = False
82.2027 	EXP 	grating: ori = 2.0
82.2027 	EXP 	fixation: autoDraw = True
82.7038 	INFO 	Keyboard events cleared
82.7024 	EXP 	grating: autoDraw = True
82.7510 	EXP 	fixation: autoDraw = False
83.0195 	EXP 	grating: autoDraw = False
83.3985 	DATA 	Keypress: right
83.4162 	EXP 	fixation: autoDraw = False
83.4162 	EXP 	grating: autoDraw = False
83.4162 	EXP 	grating: ori = 1.5
83.4162 	EXP 	fixation: autoDraw = True
83.9178 	INFO 	Keyboard events cleared
83.9166 	EXP 	grating: autoDraw = True
83.9501 	EXP 	fixation: autoDraw = False
84.2492 	EXP 	grating: autoDraw = False
85.0066 	DATA 	Keypress: right
85.0149 	EXP 	fixation: autoDraw = False
85.0149 	EXP 	grating: autoDraw = False
85.0149 	EXP 	grating: ori = -1.5
85.0149 	EXP 	fixation: autoDraw = True
85.5153 	INFO 	Keyboard events cleared
85.5142 	EXP 	grating: autoDraw = True
85.5479 	EXP 	fixation: autoDraw = False
85.8474 	EXP 	grating: autoDraw = False
86.3324 	DATA 	Keypress: left
86.3796 	EXP 	fixation: autoDraw = False
86.3796 	EXP 	grating: autoDraw = False
86.3796 	EXP 	grating: ori = -1.5
86.3796 	EXP 	fixation: autoDraw = True
86.8812 	INFO 	Keyboard events cleared
86.8801 	EXP 	grating: autoDraw = True
86.9118 	EXP 	fixation: autoDraw = False
87.2113 	EXP 	grating: autoDraw = False
87.5357 	DATA 	Keypress: right
87.5445 	EXP 	fixation: autoDraw = False
87.5445 	EXP 	grating: autoDraw = False
87.5445 	EXP 	grating: ori = 2.0
87.5445 	EXP 	fixation: autoDraw = True
88.0779 	INFO 	Keyboard events cleared
88.0767 	EXP 	fixation: autoDraw = False
88.0767 	EXP 	grating: autoDraw = True
88.4096 	EXP 	grating: autoDraw = False
88.9650 	DATA 	Keypress: right
88.9750 	EXP 	fixation: autoDraw = False
88.9750 	EXP 	grating: autoDraw = False
88.9750 	EXP 	grating: ori = 2.0
88.9750 	EXP 	fixation: autoDraw = True
89.4758 	INFO 	Keyboard events cleared
89.4745 	EXP 	grating: autoDraw = True
89.5079 	EXP 	fixation: autoDraw = False
89.8071 	EXP 	grating: autoDraw = False
90.4334 	DATA 	Keypress: right
90.4391 	EXP 	fixation: autoDraw = False
90.4391 	EXP 	grating: autoDraw = False
90.4391 	EXP 	grating: ori = -2.0
90.4391 	EXP 	fixation: autoDraw = True
90.9736 	INFO 	Keyboard events cleared
90.9723 	EXP 	fixation: autoDraw = False
90.9723 	EXP 	grating: autoDraw = True
91.3047 	EXP 	grating: autoDraw = False
92.0548 	DATA 	Keypress: left
92.1035 	EXP 	fixation: autoDraw = False
92.1035 	EXP 	grating: autoDraw = False
92.1035 	EXP 	grating: ori = -1.5
92.1035 	EXP 	fixation: autoDraw = True
92.6041 	INFO 	Keyboard events cleared
92.6029 	EXP 	grating: autoDraw = True
92.6359 	EXP 	fixation: autoDraw = False
92.9356 	EXP 	grating: autoDraw = False
93.6899 	DATA 	Keypress: left
93.7010 	EXP 	fixation: autoDraw = False
93.7010 	EXP 	grating: autoDraw = False
93.7010 	EXP 	grating: ori = 1.5
93.7010 	EXP 	fixation: autoDraw = True
94.2014 	INFO 	Keyboard events cleared
94.2001 	EXP 	grating: autoDraw = True
94.2338 	EXP 	fixation: autoDraw = False
94.5327 	EXP 	grating: autoDraw = False
94.9226 	DATA 	Keypress: right
94.9321 	EXP 	fixation: autoDraw = False
94.9321 	EXP 	grating: autoDraw = False
94.9321 	EXP 	grating: ori = 1.5
94.9321 	EXP 	fixation: autoDraw = True
95.4327 	INFO 	Keyboard events cleared
95.4316 	EXP 	grating: autoDraw = True
95.4647 	EXP 	fixation: autoDraw = False
95.7640 	EXP 	grating: autoDraw = False
96.5531 	DATA 	Keypress: right
96.5630 	EXP 	fixation: autoDraw = False
96.5630 	EXP 	grating: autoDraw = False
96.5630 	EXP 	grating: ori = -1.0
96.5630 	EXP 	fixation: autoDraw = True
97.0635 	INFO 	Keyboard events cleared
97.0623 	EXP 	grating: autoDraw = True
97.0958 	EXP 	fixation: autoDraw = False
97.3960 	EXP 	grating: autoDraw = False
98.1816 	DATA 	Keypress: left
98.1938 	EXP 	fixation: autoDraw = False
98.1938 	EXP 	grating: autoDraw = False
98.1938 	EXP 	grating: ori = 1.0
98.1938 	EXP 	fixation: autoDraw = True
98.6940 	INFO 	Keyboard events cleared
98.6928 	EXP 	grating: autoDraw = True
98.7264 	EXP 	fixation: autoDraw = False
99.0258 	EXP 	grating: autoDraw = False
99.6474 	DATA 	Keypress: right
99.6583 	EXP 	fixation: autoDraw = False
99.6583 	EXP 	grating: autoDraw = False
99.6583 	EXP 	grating: ori = 1.0
99.6583 	EXP 	fixation: autoDraw = True
100.1583 	INFO 	Keyboard events cleared
100.1572 	EXP 	grating: autoDraw = True
100.1922 	EXP 	fixation: autoDraw = False
100.4568 	EXP 	grating: autoDraw = False
101.7633 	DATA 	Keypress: left
101.7714 	EXP 	fixation: autoDraw = False
101.7714 	EXP 	grating: autoDraw = False
101.7714 	EXP 	grating: ori = 1.5
101.7714 	EXP 	fixation: autoDraw = True
102.3049 	INFO 	Keyboard events cleared
102.3036 	EXP 	fixation: autoDraw = False
102.3036 	EXP 	grating: autoDraw = True
102.6364 	EXP 	grating: autoDraw = False
104.1579 	DATA 	Keypress: right
104.1674 	EXP 	fixation: autoDraw = False
104.1674 	EXP 	grating: autoDraw = False
104.1674 	EXP 	grating: ori = 1.5
104.1674 	EXP 	fixation: autoDraw = True
104.6681 	INFO 	Keyboard events cleared
104.6670 	EXP 	grating: autoDraw = True
104.6998 	EXP 	fixation: autoDraw = False
104.9994 	EXP 	grating: autoDraw = False
106.2553 	DATA 	Keypress: left
106.2642 	EXP 	fixation: autoDraw = False
106.2642 	EXP 	grating: autoDraw = False
106.2642 	EXP 	grating: ori = -2.0
106.2642 	EXP 	fixation: autoDraw = True
106.7820 	INFO 	Keyboard events cleared
106.7809 	EXP 	fixation: autoDraw = False
106.7809 	EXP 	grating: autoDraw = True
107.1130 	EXP 	grating: autoDraw = False
107.8697 	DATA 	Keypress: left
107.8784 	EXP 	fixation: autoDraw = False
107.8784 	EXP 	grating: autoDraw = False
107.8784 	EXP 	grating: ori = 2.0
107.8784 	EXP 	fixation: autoDraw = True
108.4116 	INFO 	Keyboard events cleared
108.4105 	EXP 	fixation: autoDraw = False
108.4105 	EXP 	grating: autoDraw = True
108.7437 	EXP 	grating: autoDraw = False
109.3915 	DATA 	Keypress: right
109.4427 	EXP 	fixation: autoDraw = False
109.4427 	EXP 	grating: autoDraw = False
109.4427 	EXP 	grating: ori = 2.0
109.4427 	EXP 	fixation: autoDraw = True
109.9431 	INFO 	Keyboard events cleared
109.9417 	EXP 	grating: autoDraw = True
109.9749 	EXP 	fixation: autoDraw = False
110.2744 	EXP 	grating: autoDraw = False
111.1304 	DATA 	Keypress: right
111.1395 	EXP 	fixation: autoDraw = False
111.1395 	EXP 	grating: autoDraw = False
111.1395 	EXP 	grating: ori = 1.5
111.1395 	EXP 	fixation: autoDraw = True
111.6401 	INFO 	Keyboard events cleared
111.6389 	EXP 	grating: autoDraw = True
111.6726 	EXP 	fixation: autoDraw = False
111.9715 	EXP 	grating: autoDraw = False
113.0791 	DATA 	Keypress: left
113.0863 	EXP 	fixation: autoDraw = False
113.0863 	EXP 	grating: autoDraw = False
113.0863 	EXP 	grating: ori = 2.0
113.0863 	EXP 	fixation: autoDraw = True
113.5931 	INFO 	Keyboard events cleared
113.5927 	EXP 	grating: autoDraw = True
113.6258 	EXP 	fixation: autoDraw = False
113.9274 	EXP 	grating: autoDraw = False
114.5110 	DATA 	Keypress: right
114.5182 	EXP 	fixation: autoDraw = False
114.5182 	EXP 	grating: autoDraw = False
114.5182 	EXP 	grating: ori = 2.0
114.5182 	EXP 	fixation: autoDraw = True
115.0515 	INFO 	Keyboard events cleared
115.0504 	EXP 	fixation: autoDraw = False
115.0504 	EXP 	grating: autoDraw = True
115.3665 	EXP 	grating: autoDraw = False
115.6469 	DATA 	Keypress: right
115.6647 	EXP 	fixation: autoDraw = False
115.6647 	EXP 	grating: autoDraw = False
115.6647 	EXP 	grating: ori = 2.0
115.6647 	EXP 	fixation: autoDraw = True
116.1659 	INFO 	Keyboard events cleared
116.1648 	EXP 	grating: autoDraw = True
116.1982 	EXP 	fixation: autoDraw = False
116.4978 	EXP 	grating: autoDraw = False
117.1875 	DATA 	Keypress: right
117.1979 	EXP 	fixation: autoDraw = False
117.1979 	EXP 	grating: autoDraw = False
117.1979 	EXP 	grating: ori = 1.5
117.1979 	EXP 	fixation: autoDraw = True
117.6974 	INFO 	Keyboard events cleared
117.6963 	EXP 	grating: autoDraw = True
117.7294 	EXP 	fixation: autoDraw = False
118.0285 	EXP 	grating: autoDraw = False
118.7756 	DATA 	Keypress: right
118.7929 	EXP 	fixation: autoDraw = False
118.7929 	EXP 	grating: autoDraw = False
118.7929 	EXP 	grating: ori = -1.5
118.7929 	EXP 	fixation: autoDraw = True
119.2948 	INFO 	Keyboard events cleared
119.2937 	EXP 	grating: autoDraw = True
119.3265 	EXP 	fixation: autoDraw = False
119.6262 	EXP 	grating: autoDraw = False
120.0863 	DATA 	Keypress: left
120.1083 	EXP 	fixation: autoDraw = False
120.1083 	EXP 	grating: autoDraw = False
120.1083 	EXP 	grating: ori = -1.5
120.1083 	EXP 	fixation: autoDraw = True
120.6089 	INFO 	Keyboard events cleared
120.6077 	EXP 	grating: autoDraw = True
120.6410 	EXP 	fixation: autoDraw = False
120.9403 	EXP 	grating: autoDraw = False
121.6328 	DATA 	Keypress: left
121.6395 	EXP 	fixation: autoDraw = False
121.6395 	EXP 	grating: autoDraw = False
121.6395 	EXP 	grating: ori = -1.0
121.6395 	EXP 	fixation: autoDraw = True
122.1732 	INFO 	Keyboard events cleared
122.1719 	EXP 	fixation: autoDraw = False
122.1719 	EXP 	grating: autoDraw = True
122.5046 	EXP 	grating: autoDraw = False
123.2957 	DATA 	Keypress: left
123.3022 	EXP 	fixation: autoDraw = False
123.3022 	EXP 	grating: autoDraw = False
123.3022 	EXP 	grating: ori = -1.0
123.3022 	EXP 	fixation: autoDraw = True
123.8208 	INFO 	Keyboard events cleared
123.8197 	EXP 	fixation: autoDraw = False
123.8197 	EXP 	grating: autoDraw = True
124.1526 	EXP 	grating: autoDraw = False
125.4727 	DATA 	Keypress: left
125.4835 	EXP 	fixation: autoDraw = False
125.4835 	EXP 	grating: autoDraw = False
125.4835 	EXP 	grating: ori = 1.0
125.4835 	EXP 	fixation: autoDraw = True
125.9837 	INFO 	Keyboard events cleared
125.9825 	EXP 	grating: autoDraw = True
126.0165 	EXP 	fixation: autoDraw = False
126.3167 	EXP 	grating: autoDraw = False
126.7042 	DATA 	Keypress: right
126.7147 	EXP 	fixation: autoDraw = False
126.7147 	EXP 	grating: autoDraw = False
126.7147 	EXP 	grating: ori = 1.0
126.7147 	EXP 	fixation: autoDraw = True
127.2153 	INFO 	Keyboard events cleared
127.2142 	EXP 	grating: autoDraw = True
127.2476 	EXP 	fixation: autoDraw = False
127.5129 	EXP 	grating: autoDraw = False
128.1020 	DATA 	Keypress: right
128.1123 	EXP 	fixation: autoDraw = False
128.1123 	EXP 	grating: autoDraw = False
128.1123 	EXP 	grating: ori = 1.0
128.1123 	EXP 	fixation: autoDraw = True
128.6129 	INFO 	Keyboard events cleared
128.6118 	EXP 	grating: autoDraw = True
128.6452 	EXP 	fixation: autoDraw = False
128.9445 	EXP 	grating: autoDraw = False
129.4004 	DATA 	Keypress: right
129.4116 	EXP 	fixation: autoDraw = False
129.4116 	EXP 	grating: autoDraw = False
129.4116 	EXP 	grating: ori = 1.0
129.4116 	EXP 	fixation: autoDraw = True
129.9108 	INFO 	Keyboard events cleared
129.9097 	EXP 	grating: autoDraw = True
129.9432 	EXP 	fixation: autoDraw = False
130.2426 	EXP 	grating: autoDraw = False
130.9653 	DATA 	Keypress: right
130.9750 	EXP 	fixation: autoDraw = False
130.9750 	EXP 	grating: autoDraw = False
130.9750 	EXP 	grating: ori = -1.0
130.9750 	EXP 	fixation: autoDraw = True
131.4754 	INFO 	Keyboard events cleared
131.4743 	EXP 	grating: autoDraw = True
131.5073 	EXP 	fixation: autoDraw = False
131.8065 	EXP 	grating: autoDraw = False
132.4619 	DATA 	Keypress: right
132.4720 	EXP 	fixation: autoDraw = False
132.4720 	EXP 	grating: autoDraw = False
132.4720 	EXP 	grating: ori = -1.5
132.4720 	EXP 	fixation: autoDraw = True
132.9726 	INFO 	Keyboard events cleared
132.9715 	EXP 	grating: autoDraw = True
133.0047 	EXP 	fixation: autoDraw = False
133.3051 	EXP 	grating: autoDraw = False
133.8974 	DATA 	Keypress: right
133.9028 	EXP 	fixation: autoDraw = False
133.9028 	EXP 	grating: autoDraw = False
133.9028 	EXP 	grating: ori = -2.0
133.9028 	EXP 	fixation: autoDraw = True
134.4380 	INFO 	Keyboard events cleared
134.4368 	EXP 	fixation: autoDraw = False
134.4368 	EXP 	grating: autoDraw = True
134.7685 	EXP 	grating: autoDraw = False
134.8914 	DATA 	Keypress: left
134.9017 	EXP 	fixation: autoDraw = False
134.9017 	EXP 	grating: autoDraw = False
134.9017 	EXP 	grating: ori = 2.0
134.9017 	EXP 	fixation: autoDraw = True
135.4020 	INFO 	Keyboard events cleared
135.4009 	EXP 	grating: autoDraw = True
135.4341 	EXP 	fixation: autoDraw = False
135.7334 	EXP 	grating: autoDraw = False
136.2511 	DATA 	Keypress: right
136.2994 	EXP 	fixation: autoDraw = False
136.2994 	EXP 	grating: autoDraw = False
136.2994 	EXP 	grating: ori = -2.0
136.2994 	EXP 	fixation: autoDraw = True
136.8332 	INFO 	Keyboard events cleared
136.8321 	EXP 	fixation: autoDraw = False
136.8321 	EXP 	grating: autoDraw = True
137.1661 	EXP 	grating: autoDraw = False
137.5218 	DATA 	Keypress: left
137.5306 	EXP 	fixation: autoDraw = False
137.5306 	EXP 	grating: autoDraw = False
137.5306 	EXP 	grating: ori = 1.5
137.5306 	EXP 	fixation: autoDraw = True
138.0310 	INFO 	Keyboard events cleared
138.0299 	EXP 	grating: autoDraw = True
138.0632 	EXP 	fixation: autoDraw = False
138.3627 	EXP 	grating: autoDraw = False
138.7183 	DATA 	Keypress: right
138.7288 	EXP 	fixation: autoDraw = False
138.7288 	EXP 	grating: autoDraw = False
138.7288 	EXP 	grating: ori = -1.5
138.7288 	EXP 	fixation: autoDraw = True
139.2292 	INFO 	Keyboard events cleared
139.2280 	EXP 	grating: autoDraw = True
139.2614 	EXP 	fixation: autoDraw = False
139.5607 	EXP 	grating: autoDraw = False
140.0178 	DATA 	Keypress: left
140.0265 	EXP 	fixation: autoDraw = False
140.0265 	EXP 	grating: autoDraw = False
140.0265 	EXP 	grating: ori = -1.5
140.0265 	EXP 	fixation: autoDraw = True
140.5607 	INFO 	Keyboard events cleared
140.5596 	EXP 	fixation: autoDraw = False
140.5596 	EXP 	grating: autoDraw = True
140.8920 	EXP 	grating: autoDraw = False
141.2477 	DATA 	Keypress: left
141.2580 	EXP 	fixation: autoDraw = False
141.2580 	EXP 	grating: autoDraw = False
141.2580 	EXP 	grating: ori = 1.0
141.2580 	EXP 	fixation: autoDraw = True
141.7586 	INFO 	Keyboard events cleared
141.7573 	EXP 	grating: autoDraw = True
141.7907 	EXP 	fixation: autoDraw = False
142.0900 	EXP 	grating: autoDraw = False
142.7473 	DATA 	Keypress: right
142.7555 	EXP 	fixation: autoDraw = False
142.7555 	EXP 	grating: autoDraw = False
142.7555 	EXP 	grating: ori = 1.0
142.7555 	EXP 	fixation: autoDraw = True
143.2559 	INFO 	Keyboard events cleared
143.2548 	EXP 	grating: autoDraw = True
143.2882 	EXP 	fixation: autoDraw = False
143.5885 	EXP 	grating: autoDraw = False
144.1097 	DATA 	Keypress: right
144.1202 	EXP 	fixation: autoDraw = False
144.1202 	EXP 	grating: autoDraw = False
144.1202 	EXP 	grating: ori = 1.0
144.1202 	EXP 	fixation: autoDraw = True
144.6222 	INFO 	Keyboard events cleared
144.6210 	EXP 	grating: autoDraw = True
144.6525 	EXP 	fixation: autoDraw = False
144.9520 	EXP 	grating: autoDraw = False
145.3089 	DATA 	Keypress: right
145.3184 	EXP 	fixation: autoDraw = False
145.3184 	EXP 	grating: autoDraw = False
145.3184 	EXP 	grating: ori = 1.0
145.3184 	EXP 	fixation: autoDraw = True
145.8197 	INFO 	Keyboard events cleared
145.8185 	EXP 	grating: autoDraw = True
145.8507 	EXP 	fixation: autoDraw = False
146.1502 	EXP 	grating: autoDraw = False
146.4330 	DATA 	Keypress: right
146.4498 	EXP 	fixation: autoDraw = False
146.4498 	EXP 	grating: autoDraw = False
146.4608 	EXP 	adaptive_staircase: status = STOPPED
146.5564 	INFO 	saved data to 'D:\\Downloads\\PSY310 Lab in Psychology\\1.0 Adaptive Staircase\\data/482189_adaptive_staircase_2024-09-09_10h56.18.481.csv'
146.5577 	INFO 	saved data to D:\Downloads\PSY310 Lab in Psychology\1.0 Adaptive Staircase\data/482189_adaptive_staircase_2024-09-09_10h56.18.481.psydat
146.6067 	EXP 	window1: mouseVisible = True
147.2017 	DEBUG 	Saving data for adaptive_staircase ExperimentHandler
